<?xml version="1.0" encoding="utf-8"?><testsuites name="pytest tests"><testsuite name="pytest" errors="0" failures="0" skipped="0" tests="7" time="12.199" timestamp="2026-09-21T03:39:32.496538+00:00" hostname="agent-env-8c641393-4cd5-4f5a-9409-79631239f5f5"><testcase classname="tests.test_dka" name="test_dashboard" time="0.329" /><testcase classname="tests.test_dka" name="test_list_search_get" time="0.863" /><testcase classname="tests.test_dka" name="test_update_and_restore" time="0.581" /><testcase classname="tests.test_dka" name="test_trend" time="0.141" /><testcase classname="tests.test_dka" name="test_reference_scale" time="0.192" /><testcase classname="tests.test_dka" name="test_analyze_missing_image_404" time="1.001" /><testcase classname="tests.test_dka" name="test_analyze_full_flow_and_delete" time="8.479" /></testsuite></testsuites>