<?xml version="1.0" encoding="utf-8"?><testsuites name="pytest tests"><testsuite name="pytest" errors="0" failures="0" skipped="0" tests="11" time="29.024" timestamp="2026-09-21T02:43:53.166031+00:00" hostname="agent-env-8c641393-4cd5-4f5a-9409-79631239f5f5"><testcase classname="tests.test_kht" name="test_dashboard" time="0.335" /><testcase classname="tests.test_kht" name="test_list_tests_and_search" time="0.448" /><testcase classname="tests.test_kht" name="test_get_test_by_id_and_404" time="0.448" /><testcase classname="tests.test_kht" name="test_update_rating_toggles_status" time="1.009" /><testcase classname="tests.test_kht" name="test_trend" time="0.112" /><testcase classname="tests.test_kht" name="test_color_scale" time="0.227" /><testcase classname="tests.test_kht" name="test_upload_and_serve" time="0.613" /><testcase classname="tests.test_kht" name="test_chunked_upload" time="0.703" /><testcase classname="tests.test_kht" name="test_analyze_missing_image_returns_404" time="0.924" /><testcase classname="tests.test_kht" name="test_analyze_full_flow" time="23.290" /><testcase classname="tests.test_kht" name="test_soft_delete" time="0.378" /></testsuite></testsuites>