<?xml version="1.0" encoding="utf-8"?><testsuites name="pytest tests"><testsuite name="pytest" errors="0" failures="0" skipped="0" tests="11" time="18.006" timestamp="2026-09-20T05:52:01.688485+00:00" hostname="agent-env-f9292e51-e2d3-4889-827e-9aedd0b6f428"><testcase classname="tests.test_elastech" name="test_root" time="0.200" /><testcase classname="tests.test_elastech" name="test_get_modules" time="0.066" /><testcase classname="tests.test_elastech" name="test_get_module[khtt]" time="0.062" /><testcase classname="tests.test_elastech" name="test_get_module[copper-strip]" time="0.064" /><testcase classname="tests.test_elastech" name="test_get_module[rating-dka]" time="0.064" /><testcase classname="tests.test_elastech" name="test_unknown_module" time="0.060" /><testcase classname="tests.test_elastech" name="test_crud_flow[khtt]" time="0.313" /><testcase classname="tests.test_elastech" name="test_crud_flow[copper-strip]" time="0.309" /><testcase classname="tests.test_elastech" name="test_crud_flow[rating-dka]" time="0.310" /><testcase classname="tests.test_elastech" name="test_delete_missing" time="0.061" /><testcase classname="tests.test_elastech" name="test_ai_analyze" time="15.984" /></testsuite></testsuites>